<?xml version="1.0" encoding="UTF-8"?>
<testsuite xmlns:xsi="http://www.w3.org/2001/XMLSchema-instance" xsi:noNamespaceSchemaLocation="https://maven.apache.org/surefire/maven-surefire-plugin/xsd/surefire-test-report.xsd" name="bryan2459.msscbeerserviceV1.web.controller.BeerControllerTest" time="0.641" tests="3" errors="0" skipped="0" failures="2">
  <properties>
[...]
</properties>
  <testcase name="saveNewBeer" classname="bryan2459.msscbeerserviceV1.web.controller.BeerControllerTest" time="0.199">
    <failure message="Status expected:&lt;201&gt; but was:&lt;400&gt;" type="java.lang.AssertionError"><![CDATA[java.lang.AssertionError: Status expected:<201> but was:<400>
	at bryan2459.msscbeerserviceV1.web.controller.BeerControllerTest.saveNewBeer(BeerControllerTest.java:49)
]]></failure>
    <system-out><![CDATA[2022-12-11 10:37:09.199  INFO 9108 --- [           main] .b.t.a.w.s.WebMvcTestContextBootstrapper : Neither @ContextConfiguration nor @ContextHierarchy found for test class [bryan2459.msscbeerserviceV1.web.controller.BeerControllerTest], using SpringBootContextLoader
2022-12-11 10:37:09.199  INFO 9108 --- [           main] o.s.t.c.support.AbstractContextLoader    : Could not detect default resource locations for test class [bryan2459.msscbeerserviceV1.web.controller.BeerControllerTest]: no resource found for suffixes {-context.xml, Context.groovy}.
2022-12-11 10:37:09.199  INFO 9108 --- [           main] t.c.s.AnnotationConfigContextLoaderUtils : Could not detect default configuration classes for test class [bryan2459.msscbeerserviceV1.web.controller.BeerControllerTest]: BeerControllerTest does not declare any static, non-private, non-final, nested classes annotated with @Configuration.
2022-12-11 10:37:09.225  INFO 9108 --- [           main] .b.t.c.SpringBootTestContextBootstrapper : Found @SpringBootConfiguration bryan2459.msscbeerserviceV1.MsscBeerServiceV1Application for test class bryan2459.msscbeerserviceV1.web.controller.BeerControllerTest
2022-12-11 10:37:09.226  INFO 9108 --- [           main] .b.t.a.w.s.WebMvcTestContextBootstrapper : Loaded default TestExecutionListener class names from location [META-INF/spring.factories]: [org.springframework.test.context.web.ServletTestExecutionListener, org.springframework.test.context.support.DirtiesContextBeforeModesTestExecutionListener, org.springframework.test.context.support.DependencyInjectionTestExecutionListener, org.springframework.test.context.support.DirtiesContextTestExecutionListener, org.springframework.test.context.transaction.TransactionalTestExecutionListener, org.springframework.test.context.jdbc.SqlScriptsTestExecutionListener, org.springframework.boot.test.mock.mockito.MockitoTestExecutionListener, org.springframework.boot.test.mock.mockito.ResetMocksTestExecutionListener, org.springframework.boot.test.autoconfigure.restdocs.RestDocsTestExecutionListener, org.springframework.boot.test.autoconfigure.web.client.MockRestServiceServerResetTestExecutionListener, org.springframework.boot.test.autoconfigure.web.servlet.MockMvcPrintOnlyOnFailureTestExecutionListener, org.springframework.boot.test.autoconfigure.web.servlet.WebDriverTestExecutionListener]
2022-12-11 10:37:09.226  INFO 9108 --- [           main] .b.t.a.w.s.WebMvcTestContextBootstrapper : Using TestExecutionListeners: [org.springframework.test.context.web.ServletTestExecutionListener@22cce199, org.springframework.test.context.support.DirtiesContextBeforeModesTestExecutionListener@14b4b25e, org.springframework.boot.test.mock.mockito.MockitoTestExecutionListener@4babe06f, org.springframework.boot.test.autoconfigure.SpringBootDependencyInjectionTestExecutionListener@5c6be812, org.springframework.test.context.support.DirtiesContextTestExecutionListener@19ee0a2f, org.springframework.test.context.transaction.TransactionalTestExecutionListener@28796d0e, org.springframework.test.context.jdbc.SqlScriptsTestExecutionListener@3cc548f6, org.springframework.boot.test.mock.mockito.ResetMocksTestExecutionListener@3fed0c04, org.springframework.boot.test.autoconfigure.restdocs.RestDocsTestExecutionListener@563bd6a4, org.springframework.boot.test.autoconfigure.web.client.MockRestServiceServerResetTestExecutionListener@3549c070, org.springframework.boot.test.autoconfigure.web.servlet.MockMvcPrintOnlyOnFailureTestExecutionListener@235dacd7, org.springframework.boot.test.autoconfigure.web.servlet.WebDriverTestExecutionListener@74070994]

  .   ____          _            __ _ _
 /\\ / ___'_ __ _ _(_)_ __  __ _ \ \ \ \
( ( )\___ | '_ | '_| | '_ \/ _` | \ \ \ \
 \\/  ___)| |_)| | | | | || (_| |  ) ) ) )
  '  |____| .__|_| |_|_| |_\__, | / / / /
 =========|_|==============|___/=/_/_/_/
 :: Spring Boot ::        (v2.1.5.RELEASE)

2022-12-11 10:37:09.250  INFO 9108 --- [           main] b.m.web.controller.BeerControllerTest    : Starting BeerControllerTest on DESKTOP-T10L0CP with PID 9108 (started by mvs39 in C:\MicroServiceProjects\mssc-beer-serviceV1)
2022-12-11 10:37:09.250  INFO 9108 --- [           main] b.m.web.controller.BeerControllerTest    : No active profile set, falling back to default profiles: default
2022-12-11 10:37:09.524  INFO 9108 --- [           main] o.s.s.concurrent.ThreadPoolTaskExecutor  : Initializing ExecutorService 'applicationTaskExecutor'
2022-12-11 10:37:09.611  INFO 9108 --- [           main] o.s.b.t.m.w.SpringBootMockServletContext : Initializing Spring TestDispatcherServlet ''
2022-12-11 10:37:09.611  INFO 9108 --- [           main] o.s.t.web.servlet.TestDispatcherServlet  : Initializing Servlet ''
2022-12-11 10:37:09.621  INFO 9108 --- [           main] o.s.t.web.servlet.TestDispatcherServlet  : Completed initialization in 10 ms
2022-12-11 10:37:09.636  INFO 9108 --- [           main] b.m.web.controller.BeerControllerTest    : Started BeerControllerTest in 0.407 seconds (JVM running for 6.108)
2022-12-11 10:37:09.823  WARN 9108 --- [           main] .w.s.m.s.DefaultHandlerExceptionResolver : Resolved [org.springframework.web.bind.MethodArgumentNotValidException: Validation failed for argument [0] in public org.springframework.http.ResponseEntity bryan2459.msscbeerserviceV1.web.controller.BeerController.saveNewBeer(bryan2459.msscbeerserviceV1.web.modal.BeerDto) with 4 errors: [Field error in object 'beerDto' on field 'upc': rejected value [null]; codes [NotNull.beerDto.upc,NotNull.upc,NotNull.java.lang.Long,NotNull]; arguments [org.springframework.context.support.DefaultMessageSourceResolvable: codes [beerDto.upc,upc]; arguments []; default message [upc]]; default message [must not be null]] [Field error in object 'beerDto' on field 'price': rejected value [null]; codes [NotNull.beerDto.price,NotNull.price,NotNull.java.math.BigDecimal,NotNull]; arguments [org.springframework.context.support.DefaultMessageSourceResolvable: codes [beerDto.price,price]; arguments []; default message [price]]; default message [must not be null]] [Field error in object 'beerDto' on field 'BeerName': rejected value [null]; codes [NotBlank.beerDto.BeerName,NotBlank.BeerName,NotBlank.java.lang.String,NotBlank]; arguments [org.springframework.context.support.DefaultMessageSourceResolvable: codes [beerDto.BeerName,BeerName]; arguments []; default message [BeerName]]; default message [must not be blank]] [Field error in object 'beerDto' on field 'beerStyle': rejected value [null]; codes [NotNull.beerDto.beerStyle,NotNull.beerStyle,NotNull.bryan2459.msscbeerserviceV1.web.modal.BeerStyleEnum,NotNull]; arguments [org.springframework.context.support.DefaultMessageSourceResolvable: codes [beerDto.beerStyle,beerStyle]; arguments []; default message [beerStyle]]; default message [must not be null]] ]

MockHttpServletRequest:
      HTTP Method = POST
      Request URI = /api/v1/beer/
       Parameters = {}
          Headers = [Content-Type:"application/json"]
             Body = <no character encoding set>
    Session Attrs = {}

Handler:
             Type = bryan2459.msscbeerserviceV1.web.controller.BeerController
           Method = public org.springframework.http.ResponseEntity bryan2459.msscbeerserviceV1.web.controller.BeerController.saveNewBeer(bryan2459.msscbeerserviceV1.web.modal.BeerDto)

Async:
    Async started = false
     Async result = null

Resolved Exception:
             Type = org.springframework.web.bind.MethodArgumentNotValidException

ModelAndView:
        View name = null
             View = null
            Model = null

FlashMap:
       Attributes = null

MockHttpServletResponse:
           Status = 400
    Error message = null
          Headers = []
     Content type = null
             Body = 
    Forwarded URL = null
   Redirected URL = null
          Cookies = []
]]></system-out>
  </testcase>
  <testcase name="updateBeerId" classname="bryan2459.msscbeerserviceV1.web.controller.BeerControllerTest" time="0.009">
    <failure message="Status expected:&lt;204&gt; but was:&lt;400&gt;" type="java.lang.AssertionError"><![CDATA[java.lang.AssertionError: Status expected:<204> but was:<400>
	at bryan2459.msscbeerserviceV1.web.controller.BeerControllerTest.updateBeerId(BeerControllerTest.java:62)
]]></failure>
    <system-out><![CDATA[2022-12-11 10:37:09.842  WARN 9108 --- [           main] .w.s.m.s.DefaultHandlerExceptionResolver : Resolved [org.springframework.web.bind.MethodArgumentNotValidException: Validation failed for argument [1] in public org.springframework.http.ResponseEntity bryan2459.msscbeerserviceV1.web.controller.BeerController.updateBeerId(java.util.UUID,bryan2459.msscbeerserviceV1.web.modal.BeerDto) with 4 errors: [Field error in object 'beerDto' on field 'upc': rejected value [null]; codes [NotNull.beerDto.upc,NotNull.upc,NotNull.java.lang.Long,NotNull]; arguments [org.springframework.context.support.DefaultMessageSourceResolvable: codes [beerDto.upc,upc]; arguments []; default message [upc]]; default message [must not be null]] [Field error in object 'beerDto' on field 'price': rejected value [null]; codes [NotNull.beerDto.price,NotNull.price,NotNull.java.math.BigDecimal,NotNull]; arguments [org.springframework.context.support.DefaultMessageSourceResolvable: codes [beerDto.price,price]; arguments []; default message [price]]; default message [must not be null]] [Field error in object 'beerDto' on field 'BeerName': rejected value [null]; codes [NotBlank.beerDto.BeerName,NotBlank.BeerName,NotBlank.java.lang.String,NotBlank]; arguments [org.springframework.context.support.DefaultMessageSourceResolvable: codes [beerDto.BeerName,BeerName]; arguments []; default message [BeerName]]; default message [must not be blank]] [Field error in object 'beerDto' on field 'beerStyle': rejected value [null]; codes [NotNull.beerDto.beerStyle,NotNull.beerStyle,NotNull.bryan2459.msscbeerserviceV1.web.modal.BeerStyleEnum,NotNull]; arguments [org.springframework.context.support.DefaultMessageSourceResolvable: codes [beerDto.beerStyle,beerStyle]; arguments []; default message [beerStyle]]; default message [must not be null]] ]

MockHttpServletRequest:
      HTTP Method = POST
      Request URI = /api/v1/beer/
       Parameters = {}
          Headers = [Content-Type:"application/json"]
             Body = <no character encoding set>
    Session Attrs = {}

Handler:
             Type = bryan2459.msscbeerserviceV1.web.controller.BeerController
           Method = public org.springframework.http.ResponseEntity bryan2459.msscbeerserviceV1.web.controller.BeerController.saveNewBeer(bryan2459.msscbeerserviceV1.web.modal.BeerDto)

Async:
    Async started = false
     Async result = null

Resolved Exception:
             Type = org.springframework.web.bind.MethodArgumentNotValidException

ModelAndView:
        View name = null
             View = null
            Model = null

FlashMap:
       Attributes = null

MockHttpServletResponse:
           Status = 400
    Error message = null
          Headers = []
     Content type = null
             Body = 
    Forwarded URL = null
   Redirected URL = null
          Cookies = []

MockHttpServletRequest:
      HTTP Method = PUT
      Request URI = /api/v1/beer/56579351-0ebb-44bd-8611-176ec0ece15f
       Parameters = {}
          Headers = [Content-Type:"application/json"]
             Body = <no character encoding set>
    Session Attrs = {}

Handler:
             Type = bryan2459.msscbeerserviceV1.web.controller.BeerController
           Method = public org.springframework.http.ResponseEntity bryan2459.msscbeerserviceV1.web.controller.BeerController.updateBeerId(java.util.UUID,bryan2459.msscbeerserviceV1.web.modal.BeerDto)

Async:
    Async started = false
     Async result = null

Resolved Exception:
             Type = org.springframework.web.bind.MethodArgumentNotValidException

ModelAndView:
        View name = null
             View = null
            Model = null

FlashMap:
       Attributes = null

MockHttpServletResponse:
           Status = 400
    Error message = null
          Headers = []
     Content type = null
             Body = 
    Forwarded URL = null
   Redirected URL = null
          Cookies = []
]]></system-out>
  </testcase>
  <testcase name="getBeerById" classname="bryan2459.msscbeerserviceV1.web.controller.BeerControllerTest" time="0.012"/>
</testsuite>